Using pre-set license
Built from '2020.3/staging' branch; Version is '2020.3.13f1 (71691879b7f5) revision 7432472'; Using compiler version '192528614'; Build Type 'Release'
OS: 'Windows 10 Education; OS build 19042.1083; Version 2009; 64bit' Language: 'ko' Physical Memory: 7916 MB
BatchMode: 1, IsHumanControllingUs: 0, StartBugReporterOnCrash: 0, Is64bit: 1, IsPro: 0

 COMMAND LINE ARGUMENTS:
C:\Program Files\Unity\Editor\Unity.exe
-adb2
-batchMode
-noUpm
-name
AssetImportWorker1
-projectPath
C:/UnityProjects/Colorpop
-logFile
Logs/AssetImportWorker1.log
-srvPort
49840
Successfully changed project path to: C:/UnityProjects/Colorpop
C:/UnityProjects/Colorpop
Using Asset Import Pipeline V2.
Refreshing native plugins compatible for Editor in 277.01 ms, found 1 plugins.
Preloading 0 native plugins for Editor in 0.00 ms.
Initialize engine version: 2020.3.13f1 (71691879b7f5)
[Subsystems] Discovering subsystems at path C:/Program Files/Unity/Editor/Data/Resources/UnitySubsystems
[Subsystems] Discovering subsystems at path C:/UnityProjects/Colorpop/Assets
GfxDevice: creating device client; threaded=0
Direct3D:
    Version:  Direct3D 11.0 [level 11.1]
    Renderer: Intel(R) Iris(R) Xe Graphics (ID=0x9a49)
    Vendor:   
    VRAM:     3958 MB
    Driver:   27.20.100.8853
Initialize mono
Mono path[0] = 'C:/Program Files/Unity/Editor/Data/Managed'
Mono path[1] = 'C:/Program Files/Unity/Editor/Data/MonoBleedingEdge/lib/mono/unityjit'
Mono config path = 'C:/Program Files/Unity/Editor/Data/MonoBleedingEdge/etc'
Using monoOptions --debugger-agent=transport=dt_socket,embedding=1,server=y,suspend=n,address=127.0.0.1:56124
Begin MonoManager ReloadAssembly
Registering precompiled unity dll's ...
Register platform support module: C:/Program Files/Unity/Editor/Data/PlaybackEngines/WindowsStandaloneSupport/UnityEditor.WindowsStandalone.Extensions.dll
Registered in 0.007928 seconds.
Native extension for WindowsStandalone target not found
Refreshing native plugins compatible for Editor in 134.66 ms, found 1 plugins.
Preloading 0 native plugins for Editor in 0.00 ms.
Mono: successfully reloaded assembly
- Completed reload, in  3.312 seconds
Platform modules already initialized, skipping
Registering precompiled user dll's ...
Registered in 0.023478 seconds.
Begin MonoManager ReloadAssembly
Native extension for WindowsStandalone target not found
Refreshing native plugins compatible for Editor in 136.73 ms, found 1 plugins.
Preloading 0 native plugins for Editor in 0.00 ms.
GPGSUpgrader start
0x00007ff7d6b1106c (Unity) StackWalker::GetCurrentCallstack
0x00007ff7d6b19449 (Unity) StackWalker::ShowCallstack
0x00007ff7d801678c (Unity) GetStacktrace
0x00007ff7d912afb3 (Unity) DebugStringToFile
0x00007ff7d6b79516 (Unity) DebugLogHandler_CUSTOM_Internal_Log
0x000001f892f49ffb (Mono JIT Code) (wrapper managed-to-native) UnityEngine.DebugLogHandler:Internal_Log (UnityEngine.LogType,UnityEngine.LogOption,string,UnityEngine.Object)
0x000001f892f49bcb (Mono JIT Code) UnityEngine.DebugLogHandler:LogFormat (UnityEngine.LogType,UnityEngine.Object,string,object[])
0x000001f892f4904e (Mono JIT Code) UnityEngine.Logger:Log (UnityEngine.LogType,object)
0x000001f892f484ad (Mono JIT Code) UnityEngine.Debug:Log (object)
0x000001f892f46da3 (Mono JIT Code) [GPGSUpgrader.cs:38] GooglePlayGames.Editor.GPGSUpgrader:.cctor () 
0x000001f892f48015 (Mono JIT Code) (wrapper runtime-invoke) object:runtime_invoke_void (object,intptr,intptr,intptr)
0x00007ffd18dfe630 (mono-2.0-bdwgc) [mini-runtime.c:2812] mono_jit_runtime_invoke 
0x00007ffd18d82ac2 (mono-2.0-bdwgc) [object.c:2921] do_runtime_invoke 
0x00007ffd18d8b1dc (mono-2.0-bdwgc) [object.c:477] mono_runtime_class_init_full 
0x00007ffd18d38d3e (mono-2.0-bdwgc) [icall.c:990] ves_icall_System_Runtime_CompilerServices_RuntimeHelpers_RunClassConstructor 
0x000001f891975f77 (Mono JIT Code) (wrapper managed-to-native) System.Runtime.CompilerServices.RuntimeHelpers:RunClassConstructor (intptr)
0x000001f891975e2b (Mono JIT Code) System.Runtime.CompilerServices.RuntimeHelpers:RunClassConstructor (System.RuntimeTypeHandle)
0x000001f8919758f3 (Mono JIT Code) UnityEditor.EditorAssemblies:ProcessInitializeOnLoadAttributes (System.Type[])
0x000001f8919270ab (Mono JIT Code) (wrapper runtime-invoke) <Module>:runtime_invoke_void_object (object,intptr,intptr,intptr)
0x00007ffd18dfe630 (mono-2.0-bdwgc) [mini-runtime.c:2812] mono_jit_runtime_invoke 
0x00007ffd18d82ac2 (mono-2.0-bdwgc) [object.c:2921] do_runtime_invoke 
0x00007ffd18d8bb1f (mono-2.0-bdwgc) [object.c:2968] mono_runtime_invoke 
0x00007ff7d6999464 (Unity) scripting_method_invoke
0x00007ff7d6991db5 (Unity) ScriptingInvocation::Invoke
0x00007ff7d698a8a5 (Unity) ScriptingInvocation::Invoke<void>
0x00007ff7d4ff729b (Unity) Scripting::UnityEditor::EditorAssembliesProxy::ProcessInitializeOnLoadAttributes
0x00007ff7d694a315 (Unity) MonoManager::SetupLoadedEditorAssemblies
0x00007ff7d6941629 (Unity) MonoManager::EndReloadAssembly
0x00007ff7d69484f9 (Unity) MonoManager::ReloadAssembly
0x00007ff7d7d17c01 (Unity) LoadDomainAndUserAssemblies
0x00007ff7d7d180ae (Unity) LoadUserAssemblies
0x00007ff7d7697fa1 (Unity) Application::InitializeProject
0x00007ff7d8023cf2 (Unity) WinMain
0x00007ff7d9e59526 (Unity) __scrt_common_main_seh
0x00007ffd73fe7034 (KERNEL32) BaseThreadInitThunk
0x00007ffd74c42651 (ntdll) RtlUserThreadStart

GPGSUpgrader done
0x00007ff7d6b1106c (Unity) StackWalker::GetCurrentCallstack
0x00007ff7d6b19449 (Unity) StackWalker::ShowCallstack
0x00007ff7d801678c (Unity) GetStacktrace
0x00007ff7d912afb3 (Unity) DebugStringToFile
0x00007ff7d6b79516 (Unity) DebugLogHandler_CUSTOM_Internal_Log
0x000001f892f49ffb (Mono JIT Code) (wrapper managed-to-native) UnityEngine.DebugLogHandler:Internal_Log (UnityEngine.LogType,UnityEngine.LogOption,string,UnityEngine.Object)
0x000001f892f49bcb (Mono JIT Code) UnityEngine.DebugLogHandler:LogFormat (UnityEngine.LogType,UnityEngine.Object,string,object[])
0x000001f892f4904e (Mono JIT Code) UnityEngine.Logger:Log (UnityEngine.LogType,object)
0x000001f892f484ad (Mono JIT Code) UnityEngine.Debug:Log (object)
0x000001f892f479db (Mono JIT Code) [GPGSUpgrader.cs:105] GooglePlayGames.Editor.GPGSUpgrader:.cctor () 
0x000001f892f48015 (Mono JIT Code) (wrapper runtime-invoke) object:runtime_invoke_void (object,intptr,intptr,intptr)
0x00007ffd18dfe630 (mono-2.0-bdwgc) [mini-runtime.c:2812] mono_jit_runtime_invoke 
0x00007ffd18d82ac2 (mono-2.0-bdwgc) [object.c:2921] do_runtime_invoke 
0x00007ffd18d8b1dc (mono-2.0-bdwgc) [object.c:477] mono_runtime_class_init_full 
0x00007ffd18d38d3e (mono-2.0-bdwgc) [icall.c:990] ves_icall_System_Runtime_CompilerServices_RuntimeHelpers_RunClassConstructor 
0x000001f891975f77 (Mono JIT Code) (wrapper managed-to-native) System.Runtime.CompilerServices.RuntimeHelpers:RunClassConstructor (intptr)
0x000001f891975e2b (Mono JIT Code) System.Runtime.CompilerServices.RuntimeHelpers:RunClassConstructor (System.RuntimeTypeHandle)
0x000001f8919758f3 (Mono JIT Code) UnityEditor.EditorAssemblies:ProcessInitializeOnLoadAttributes (System.Type[])
0x000001f8919270ab (Mono JIT Code) (wrapper runtime-invoke) <Module>:runtime_invoke_void_object (object,intptr,intptr,intptr)
0x00007ffd18dfe630 (mono-2.0-bdwgc) [mini-runtime.c:2812] mono_jit_runtime_invoke 
0x00007ffd18d82ac2 (mono-2.0-bdwgc) [object.c:2921] do_runtime_invoke 
0x00007ffd18d8bb1f (mono-2.0-bdwgc) [object.c:2968] mono_runtime_invoke 
0x00007ff7d6999464 (Unity) scripting_method_invoke
0x00007ff7d6991db5 (Unity) ScriptingInvocation::Invoke
0x00007ff7d698a8a5 (Unity) ScriptingInvocation::Invoke<void>
0x00007ff7d4ff729b (Unity) Scripting::UnityEditor::EditorAssembliesProxy::ProcessInitializeOnLoadAttributes
0x00007ff7d694a315 (Unity) MonoManager::SetupLoadedEditorAssemblies
0x00007ff7d6941629 (Unity) MonoManager::EndReloadAssembly
0x00007ff7d69484f9 (Unity) MonoManager::ReloadAssembly
0x00007ff7d7d17c01 (Unity) LoadDomainAndUserAssemblies
0x00007ff7d7d180ae (Unity) LoadUserAssemblies
0x00007ff7d7697fa1 (Unity) Application::InitializeProject
0x00007ff7d8023cf2 (Unity) WinMain
0x00007ff7d9e59526 (Unity) __scrt_common_main_seh
0x00007ffd73fe7034 (KERNEL32) BaseThreadInitThunk
0x00007ffd74c42651 (ntdll) RtlUserThreadStart

Mono: successfully reloaded assembly
- Completed reload, in  5.337 seconds
Platform modules already initialized, skipping
========================================================================
Worker process is ready to serve import requests
Switching build target platform(13) subTarget(537395200) extendedPlatform(0) -> platform(13) subTarget(589824) extendedPlatform(0)
Launched and connected shader compiler UnityShaderCompiler.exe after 0.33 seconds
Refreshing native plugins compatible for Editor in 2.55 ms, found 1 plugins.
Preloading 0 native plugins for Editor in 0.00 ms.
Unloading 1951 Unused Serialized files (Serialized files now loaded: 0)
System memory in use before: 89.6 MB.
System memory in use after: 89.7 MB.

Unloading 81 unused Assets to reduce memory usage. Loaded Objects now: 2348.
Total: 4.895300 ms (FindLiveObjects: 0.301400 ms CreateObjectMapping: 0.108900 ms MarkObjects: 4.237500 ms  DeleteObjects: 0.243200 ms)

AssetImportParameters requested are different than current active one (requested -> active):
  buildTarget: platform 13, subtarget 589824, extendedPlatform 0 -> platform 13, subtarget 537395200, extendedPlatform 0
  graphicsApiMask: 2304 -> 2099200
  custom:framework-win-MediaFoundation: 216162199b28c13a410421893ffa2e32 -> 
  custom:video-decoder-ogg-theora: a1e56fd34408186e4bbccfd4996cb3dc -> 
  custom:container-muxer-webm: aa71ff27fc2769a1b78a27578f13a17b -> 
  custom:container-demuxer-webm: 4f35f7cbe854078d1ac9338744f61a02 -> 
  custom:container-demuxer-ogg: 62fdf1f143b41e24485cea50d1cbac27 -> 
  custom:video-encoder-webm-vp8: eb34c28f22e8b96e1ab97ce403110664 -> 
  custom:video-decoder-webm-vp8: 9c59270c3fd7afecdb556c50c9e8de78 -> 
  custom:audio-decoder-ogg-vorbis: bf7c407c2cedff20999df2af8eb42d56 -> 
  custom:audio-encoder-webm-vorbis: bf7c407c2cedff20999df2af8eb42d56 -> 
========================================================================
Received Import Request.
  path: Assets/Resources/아이콘2.PNG
  artifactKey: Guid(44ad599ee6105204a8a2589fdcf2c51b) Importer(815301076,1909f56bfc062723c751e8b465ee728b)
Start importing Assets/Resources/아이콘2.PNG using Guid(44ad599ee6105204a8a2589fdcf2c51b) Importer(815301076,1909f56bfc062723c751e8b465ee728b)  -> (artifact id: '4c6083f170d15be4825a500e70b708fb') in 0.504607 seconds 
  Import took 0.514234 seconds .

========================================================================
Received Prepare
Refreshing native plugins compatible for Editor in 41.29 ms, found 1 plugins.
Preloading 0 native plugins for Editor in 0.00 ms.
Unloading 67 Unused Serialized files (Serialized files now loaded: 0)
System memory in use before: 55.0 MB.
System memory in use after: 55.1 MB.

Unloading 67 unused Assets to reduce memory usage. Loaded Objects now: 2354.
Total: 2.870900 ms (FindLiveObjects: 0.132400 ms CreateObjectMapping: 0.043300 ms MarkObjects: 2.647800 ms  DeleteObjects: 0.046500 ms)

AssetImportParameters requested are different than current active one (requested -> active):
  custom:framework-win-MediaFoundation: 216162199b28c13a410421893ffa2e32 -> 
  custom:video-decoder-ogg-theora: a1e56fd34408186e4bbccfd4996cb3dc -> 
  custom:container-muxer-webm: aa71ff27fc2769a1b78a27578f13a17b -> 
  custom:container-demuxer-webm: 4f35f7cbe854078d1ac9338744f61a02 -> 
  custom:container-demuxer-ogg: 62fdf1f143b41e24485cea50d1cbac27 -> 
  custom:video-encoder-webm-vp8: eb34c28f22e8b96e1ab97ce403110664 -> 
  custom:video-decoder-webm-vp8: 9c59270c3fd7afecdb556c50c9e8de78 -> 
  custom:audio-decoder-ogg-vorbis: bf7c407c2cedff20999df2af8eb42d56 -> 
  custom:audio-encoder-webm-vorbis: bf7c407c2cedff20999df2af8eb42d56 -> 
========================================================================
Received Import Request.
  Time since last request: 703.996072 seconds.
  path: Assets/Resources/Images/로고배경같이.PNG
  artifactKey: Guid(bc4f226916f8c9342a43665b0fb99ba1) Importer(815301076,1909f56bfc062723c751e8b465ee728b)
Start importing Assets/Resources/Images/로고배경같이.PNG using Guid(bc4f226916f8c9342a43665b0fb99ba1) Importer(815301076,1909f56bfc062723c751e8b465ee728b)  -> (artifact id: '2a139a096431929f78ee7b9636836c61') in 0.020341 seconds 
  Import took 0.024612 seconds .

========================================================================
Received Import Request.
  Time since last request: 0.000988 seconds.
  path: Assets/Resources/Images/로고배경같이.PNG
  artifactKey: Guid(bc4f226916f8c9342a43665b0fb99ba1) Importer(815301076,1909f56bfc062723c751e8b465ee728b)
Start importing Assets/Resources/Images/로고배경같이.PNG using Guid(bc4f226916f8c9342a43665b0fb99ba1) Importer(815301076,1909f56bfc062723c751e8b465ee728b)  -> (artifact id: '2a139a096431929f78ee7b9636836c61') in 0.014769 seconds 
  Import took 0.018224 seconds .

========================================================================
Received Prepare
Refreshing native plugins compatible for Editor in 29.88 ms, found 1 plugins.
Preloading 0 native plugins for Editor in 0.00 ms.
Unloading 67 Unused Serialized files (Serialized files now loaded: 0)
System memory in use before: 55.0 MB.
System memory in use after: 55.1 MB.

Unloading 67 unused Assets to reduce memory usage. Loaded Objects now: 2356.
Total: 3.646300 ms (FindLiveObjects: 0.195300 ms CreateObjectMapping: 0.055600 ms MarkObjects: 3.357900 ms  DeleteObjects: 0.035300 ms)

AssetImportParameters requested are different than current active one (requested -> active):
  custom:framework-win-MediaFoundation: 216162199b28c13a410421893ffa2e32 -> 
  custom:video-decoder-ogg-theora: a1e56fd34408186e4bbccfd4996cb3dc -> 
  custom:container-muxer-webm: aa71ff27fc2769a1b78a27578f13a17b -> 
  custom:container-demuxer-webm: 4f35f7cbe854078d1ac9338744f61a02 -> 
  custom:container-demuxer-ogg: 62fdf1f143b41e24485cea50d1cbac27 -> 
  custom:video-encoder-webm-vp8: eb34c28f22e8b96e1ab97ce403110664 -> 
  custom:video-decoder-webm-vp8: 9c59270c3fd7afecdb556c50c9e8de78 -> 
  custom:audio-decoder-ogg-vorbis: bf7c407c2cedff20999df2af8eb42d56 -> 
  custom:audio-encoder-webm-vorbis: bf7c407c2cedff20999df2af8eb42d56 -> 
========================================================================
Received Prepare
Refreshing native plugins compatible for Editor in 31.81 ms, found 1 plugins.
Preloading 0 native plugins for Editor in 0.00 ms.
Unloading 67 Unused Serialized files (Serialized files now loaded: 0)
System memory in use before: 55.0 MB.
System memory in use after: 55.1 MB.

Unloading 67 unused Assets to reduce memory usage. Loaded Objects now: 2356.
Total: 3.230900 ms (FindLiveObjects: 0.255900 ms CreateObjectMapping: 0.080200 ms MarkObjects: 2.860100 ms  DeleteObjects: 0.032700 ms)

AssetImportParameters requested are different than current active one (requested -> active):
  custom:framework-win-MediaFoundation: 216162199b28c13a410421893ffa2e32 -> 
  custom:video-decoder-ogg-theora: a1e56fd34408186e4bbccfd4996cb3dc -> 
  custom:container-muxer-webm: aa71ff27fc2769a1b78a27578f13a17b -> 
  custom:container-demuxer-webm: 4f35f7cbe854078d1ac9338744f61a02 -> 
  custom:container-demuxer-ogg: 62fdf1f143b41e24485cea50d1cbac27 -> 
  custom:video-encoder-webm-vp8: eb34c28f22e8b96e1ab97ce403110664 -> 
  custom:video-decoder-webm-vp8: 9c59270c3fd7afecdb556c50c9e8de78 -> 
  custom:audio-decoder-ogg-vorbis: bf7c407c2cedff20999df2af8eb42d56 -> 
  custom:audio-encoder-webm-vorbis: bf7c407c2cedff20999df2af8eb42d56 -> 
========================================================================
Received Prepare
Refreshing native plugins compatible for Editor in 19.67 ms, found 1 plugins.
Preloading 0 native plugins for Editor in 0.00 ms.
Unloading 67 Unused Serialized files (Serialized files now loaded: 0)
System memory in use before: 55.0 MB.
System memory in use after: 55.1 MB.

Unloading 67 unused Assets to reduce memory usage. Loaded Objects now: 2356.
Total: 3.158100 ms (FindLiveObjects: 0.135900 ms CreateObjectMapping: 0.038300 ms MarkObjects: 2.948800 ms  DeleteObjects: 0.033800 ms)

AssetImportParameters requested are different than current active one (requested -> active):
  custom:framework-win-MediaFoundation: 216162199b28c13a410421893ffa2e32 -> 
  custom:video-decoder-ogg-theora: a1e56fd34408186e4bbccfd4996cb3dc -> 
  custom:container-muxer-webm: aa71ff27fc2769a1b78a27578f13a17b -> 
  custom:container-demuxer-webm: 4f35f7cbe854078d1ac9338744f61a02 -> 
  custom:container-demuxer-ogg: 62fdf1f143b41e24485cea50d1cbac27 -> 
  custom:video-encoder-webm-vp8: eb34c28f22e8b96e1ab97ce403110664 -> 
  custom:video-decoder-webm-vp8: 9c59270c3fd7afecdb556c50c9e8de78 -> 
  custom:audio-decoder-ogg-vorbis: bf7c407c2cedff20999df2af8eb42d56 -> 
  custom:audio-encoder-webm-vorbis: bf7c407c2cedff20999df2af8eb42d56 -> 
========================================================================
Received Prepare
Refreshing native plugins compatible for Editor in 28.71 ms, found 1 plugins.
Preloading 0 native plugins for Editor in 0.00 ms.
Unloading 67 Unused Serialized files (Serialized files now loaded: 0)
System memory in use before: 55.0 MB.
System memory in use after: 55.1 MB.

Unloading 67 unused Assets to reduce memory usage. Loaded Objects now: 2356.
Total: 3.105500 ms (FindLiveObjects: 0.144000 ms CreateObjectMapping: 0.037700 ms MarkObjects: 2.865900 ms  DeleteObjects: 0.056600 ms)

AssetImportParameters requested are different than current active one (requested -> active):
  custom:framework-win-MediaFoundation: 216162199b28c13a410421893ffa2e32 -> 
  custom:video-decoder-ogg-theora: a1e56fd34408186e4bbccfd4996cb3dc -> 
  custom:container-muxer-webm: aa71ff27fc2769a1b78a27578f13a17b -> 
  custom:container-demuxer-webm: 4f35f7cbe854078d1ac9338744f61a02 -> 
  custom:container-demuxer-ogg: 62fdf1f143b41e24485cea50d1cbac27 -> 
  custom:video-encoder-webm-vp8: eb34c28f22e8b96e1ab97ce403110664 -> 
  custom:video-decoder-webm-vp8: 9c59270c3fd7afecdb556c50c9e8de78 -> 
  custom:audio-decoder-ogg-vorbis: bf7c407c2cedff20999df2af8eb42d56 -> 
  custom:audio-encoder-webm-vorbis: bf7c407c2cedff20999df2af8eb42d56 -> 
========================================================================
Received Prepare
Refreshing native plugins compatible for Editor in 28.06 ms, found 1 plugins.
Preloading 0 native plugins for Editor in 0.00 ms.
Unloading 67 Unused Serialized files (Serialized files now loaded: 0)
System memory in use before: 55.0 MB.
System memory in use after: 55.1 MB.

Unloading 67 unused Assets to reduce memory usage. Loaded Objects now: 2356.
Total: 3.839400 ms (FindLiveObjects: 0.184400 ms CreateObjectMapping: 0.063100 ms MarkObjects: 3.553500 ms  DeleteObjects: 0.037100 ms)

AssetImportParameters requested are different than current active one (requested -> active):
  custom:framework-win-MediaFoundation: 216162199b28c13a410421893ffa2e32 -> 
  custom:video-decoder-ogg-theora: a1e56fd34408186e4bbccfd4996cb3dc -> 
  custom:container-muxer-webm: aa71ff27fc2769a1b78a27578f13a17b -> 
  custom:container-demuxer-webm: 4f35f7cbe854078d1ac9338744f61a02 -> 
  custom:container-demuxer-ogg: 62fdf1f143b41e24485cea50d1cbac27 -> 
  custom:video-encoder-webm-vp8: eb34c28f22e8b96e1ab97ce403110664 -> 
  custom:video-decoder-webm-vp8: 9c59270c3fd7afecdb556c50c9e8de78 -> 
  custom:audio-decoder-ogg-vorbis: bf7c407c2cedff20999df2af8eb42d56 -> 
  custom:audio-encoder-webm-vorbis: bf7c407c2cedff20999df2af8eb42d56 -> 
AssetImportWorkerClient::OnTransportError - code=2 error=End of file
